[2018-04-23 15:11:37 -0400] [27954] [INFO] Starting gunicorn 19.7.1
[2018-04-23 15:11:37 -0400] [27954] [INFO] Listening at: http://0.0.0.0:80 (27954)
[2018-04-23 15:11:37 -0400] [27954] [INFO] Using worker: sync
[2018-04-23 15:11:37 -0400] [27957] [INFO] Booting worker with pid: 27957
[2018-04-23 15:11:38 -0400] [27959] [INFO] Booting worker with pid: 27959
[2018-04-23 15:11:38 -0400] [27960] [INFO] Booting worker with pid: 27960
[2018-04-23 15:11:38 -0400] [27963] [INFO] Booting worker with pid: 27963
musicxml2ly: Reading MusicXML from annotated/yesterday_annotated.xml ...
musicxml2ly: Converting to LilyPond expressions...
musicxml2ly: Converting to LilyPond expressions...
musicxml2ly: Converting to LilyPond expressions...
musicxml2ly: Converting to LilyPond expressions...
musicxml2ly: Output to `annotated/yesterday_annotated.ly'
Processing `annotated/yesterday_annotated.ly'
Parsing...
Interpreting music...[8][16][24][32][40]
Preprocessing graphical objects...
Finding the ideal number of pages...
Fitting music on 1 or 2 pages...
Drawing systems...
Layout output to `yesterday_annotated.ps'...
Converting to `./yesterday_annotated.pdf'...
Success: compilation successfully completed
music21: Certain music21 functions might need the optional package matplotlib;
                  if you run into errors, install it by following the instructions at
                  http://mit.edu/music21/doc/installing/installAdditional.html
[2018-04-23 19:13:38 +0000] [27960] [INFO] Parent changed, shutting down: <Worker 27960>
[2018-04-23 19:13:38 +0000] [27960] [INFO] Worker exiting (pid: 27960)
[2018-04-23 19:13:40 +0000] [27959] [INFO] Parent changed, shutting down: <Worker 27959>
[2018-04-23 19:13:40 +0000] [27959] [INFO] Worker exiting (pid: 27959)
[2018-04-23 19:13:40 +0000] [27963] [INFO] Parent changed, shutting down: <Worker 27963>
[2018-04-23 19:13:40 +0000] [27963] [INFO] Worker exiting (pid: 27963)
[2018-04-23 15:21:34 -0400] [28353] [INFO] Starting gunicorn 19.7.1
[2018-04-23 15:21:34 -0400] [28353] [INFO] Listening at: http://0.0.0.0:80 (28353)
[2018-04-23 15:21:34 -0400] [28353] [INFO] Using worker: sync
[2018-04-23 15:21:34 -0400] [28356] [INFO] Booting worker with pid: 28356
[2018-04-23 15:21:34 -0400] [28357] [INFO] Booting worker with pid: 28357
[2018-04-23 15:21:34 -0400] [28360] [INFO] Booting worker with pid: 28360
[2018-04-23 15:21:34 -0400] [28361] [INFO] Booting worker with pid: 28361
music21: Certain music21 functions might need the optional package matplotlib;
                  if you run into errors, install it by following the instructions at
                  http://mit.edu/music21/doc/installing/installAdditional.html
[2018-04-23 19:26:29 +0000] [28360] [INFO] Parent changed, shutting down: <Worker 28360>
[2018-04-23 19:26:29 +0000] [28360] [INFO] Worker exiting (pid: 28360)
[2018-04-23 19:26:29 +0000] [28361] [INFO] Parent changed, shutting down: <Worker 28361>
[2018-04-23 19:26:29 +0000] [28361] [INFO] Worker exiting (pid: 28361)
music21: Certain music21 functions might need the optional package matplotlib;
                  if you run into errors, install it by following the instructions at
                  http://mit.edu/music21/doc/installing/installAdditional.html
[2018-04-23 19:26:29 +0000] [28357] [INFO] Parent changed, shutting down: <Worker 28357>
[2018-04-23 19:26:29 +0000] [28357] [INFO] Worker exiting (pid: 28357)
[2018-04-23 15:33:31 -0400] [29053] [INFO] Starting gunicorn 19.7.1
[2018-04-23 15:33:31 -0400] [29053] [INFO] Listening at: http://0.0.0.0:80 (29053)
[2018-04-23 15:33:31 -0400] [29053] [INFO] Using worker: sync
[2018-04-23 15:33:31 -0400] [29056] [INFO] Booting worker with pid: 29056
[2018-04-23 15:33:31 -0400] [29057] [INFO] Booting worker with pid: 29057
[2018-04-23 15:33:31 -0400] [29059] [INFO] Booting worker with pid: 29059
[2018-04-23 15:33:31 -0400] [29061] [INFO] Booting worker with pid: 29061
musicxml2ly: Reading MusicXML from annotated/yesterday_annotated.xml ...
musicxml2ly: Converting to LilyPond expressions...
musicxml2ly: Converting to LilyPond expressions...
musicxml2ly: Converting to LilyPond expressions...
musicxml2ly: Converting to LilyPond expressions...
musicxml2ly: Output to `annotated/yesterday_annotated.ly'
Processing `annotated/yesterday_annotated.ly'
Parsing...
Interpreting music...[8][16][24][32][40]
Preprocessing graphical objects...
Finding the ideal number of pages...
Fitting music on 1 or 2 pages...
Drawing systems...
Layout output to `yesterday_annotated.ps'...
Converting to `./yesterday_annotated.pdf'...
Success: compilation successfully completed
[2018-04-23 16:00:44 -0400] [29053] [CRITICAL] WORKER TIMEOUT (pid:29057)
music21: Certain music21 functions might need the optional package matplotlib;
                  if you run into errors, install it by following the instructions at
                  http://mit.edu/music21/doc/installing/installAdditional.html
[2018-04-23 20:00:44 +0000] [29057] [INFO] Worker exiting (pid: 29057)
[2018-04-23 16:00:44 -0400] [29780] [INFO] Booting worker with pid: 29780
Not Found: /manager/html
Not Found: /ccvv
Not Found: /manager/html
music21: Certain music21 functions might need the optional package matplotlib;
                  if you run into errors, install it by following the instructions at
                  http://mit.edu/music21/doc/installing/installAdditional.html
Not Found: /admin/config.php
Not Found: /cgi/common.cgi
Not Found: /stssys.htm
Not Found: /command.php
Not Found: /axis-cgi/admin/param.cgi
Not Found: /manager/html
Not Found: /CHANGELOG.txt
Not Found: /favicon.ico
Not Found: /manager/html
Not Found: /admin/index.php
Not Found: /favicon.ico
[2018-04-26 23:06:03 -0400] [29053] [INFO] Handling signal: term
[2018-04-27 03:06:03 +0000] [29780] [INFO] Worker exiting (pid: 29780)
[2018-04-27 03:06:03 +0000] [29061] [INFO] Worker exiting (pid: 29061)
[2018-04-27 03:06:03 +0000] [29056] [INFO] Worker exiting (pid: 29056)
[2018-04-27 03:06:03 +0000] [29059] [INFO] Worker exiting (pid: 29059)
[2018-04-26 23:06:03 -0400] [29053] [INFO] Shutting down: Master
[2018-04-26 23:06:38 -0400] [23908] [INFO] Starting gunicorn 19.7.1
[2018-04-26 23:06:38 -0400] [23908] [INFO] Listening at: http://0.0.0.0:80 (23908)
[2018-04-26 23:06:38 -0400] [23908] [INFO] Using worker: sync
[2018-04-26 23:06:38 -0400] [23911] [INFO] Booting worker with pid: 23911
[2018-04-26 23:06:38 -0400] [23912] [INFO] Booting worker with pid: 23912
[2018-04-26 23:06:38 -0400] [23913] [INFO] Booting worker with pid: 23913
[2018-04-26 23:06:38 -0400] [23915] [INFO] Booting worker with pid: 23915
[2018-04-26 23:07:31 -0400] [23908] [CRITICAL] WORKER TIMEOUT (pid:23912)
[2018-04-26 23:07:31 -0400] [23908] [CRITICAL] WORKER TIMEOUT (pid:23913)
[2018-04-26 23:07:31 -0400] [23908] [CRITICAL] WORKER TIMEOUT (pid:23911)
[2018-04-27 03:07:31 +0000] [23912] [INFO] Worker exiting (pid: 23912)
[2018-04-27 03:07:31 +0000] [23913] [INFO] Worker exiting (pid: 23913)
[2018-04-27 03:07:31 +0000] [23911] [INFO] Worker exiting (pid: 23911)
[2018-04-26 23:07:31 -0400] [23955] [INFO] Booting worker with pid: 23955
[2018-04-26 23:07:32 -0400] [23956] [INFO] Booting worker with pid: 23956
[2018-04-26 23:07:32 -0400] [23959] [INFO] Booting worker with pid: 23959
musicxml2ly: Reading MusicXML from annotated/yesterday_annotated.xml ...
musicxml2ly: Converting to LilyPond expressions...
musicxml2ly: Converting to LilyPond expressions...
musicxml2ly: Converting to LilyPond expressions...
musicxml2ly: Converting to LilyPond expressions...
musicxml2ly: Output to `annotated/yesterday_annotated.ly'
Processing `annotated/yesterday_annotated.ly'
Parsing...
Interpreting music...[8][16][24][32][40]
Preprocessing graphical objects...
Finding the ideal number of pages...
Fitting music on 1 or 2 pages...
Drawing systems...
Layout output to `yesterday_annotated.ps'...
Converting to `./yesterday_annotated.pdf'...
Success: compilation successfully completed
[2018-04-26 23:10:51 -0400] [23908] [CRITICAL] WORKER TIMEOUT (pid:23955)
[2018-04-27 03:10:51 +0000] [23955] [INFO] Worker exiting (pid: 23955)
[2018-04-26 23:10:51 -0400] [24026] [INFO] Booting worker with pid: 24026
[2018-04-26 23:11:29 -0400] [23908] [CRITICAL] WORKER TIMEOUT (pid:23959)
[2018-04-26 23:11:29 -0400] [23908] [CRITICAL] WORKER TIMEOUT (pid:24026)
[2018-04-27 03:11:29 +0000] [24026] [INFO] Worker exiting (pid: 24026)
[2018-04-27 03:11:29 +0000] [23959] [INFO] Worker exiting (pid: 23959)
[2018-04-26 23:11:29 -0400] [24040] [INFO] Booting worker with pid: 24040
[2018-04-26 23:11:29 -0400] [24041] [INFO] Booting worker with pid: 24041
[2018-04-26 23:12:44 -0400] [23908] [INFO] Handling signal: term
[2018-04-27 03:12:44 +0000] [24041] [INFO] Worker exiting (pid: 24041)
[2018-04-27 03:12:44 +0000] [24040] [INFO] Worker exiting (pid: 24040)
[2018-04-27 03:12:44 +0000] [23915] [INFO] Worker exiting (pid: 23915)
[2018-04-27 03:12:44 +0000] [23956] [INFO] Worker exiting (pid: 23956)
[2018-04-26 23:12:44 -0400] [23908] [INFO] Shutting down: Master
[2018-04-26 23:12:50 -0400] [24086] [INFO] Starting gunicorn 19.7.1
[2018-04-26 23:12:51 -0400] [24086] [INFO] Listening at: http://0.0.0.0:80 (24086)
[2018-04-26 23:12:51 -0400] [24086] [INFO] Using worker: sync
[2018-04-26 23:12:51 -0400] [24089] [INFO] Booting worker with pid: 24089
[2018-04-26 23:12:51 -0400] [24090] [INFO] Booting worker with pid: 24090
[2018-04-26 23:12:51 -0400] [24091] [INFO] Booting worker with pid: 24091
[2018-04-26 23:12:51 -0400] [24092] [INFO] Booting worker with pid: 24092
[2018-04-26 23:14:29 -0400] [24086] [CRITICAL] WORKER TIMEOUT (pid:24090)
[2018-04-26 23:14:29 -0400] [24086] [CRITICAL] WORKER TIMEOUT (pid:24091)
[2018-04-27 03:14:29 +0000] [24090] [INFO] Worker exiting (pid: 24090)
[2018-04-27 03:14:29 +0000] [24091] [INFO] Worker exiting (pid: 24091)
[2018-04-26 23:14:29 -0400] [24140] [INFO] Booting worker with pid: 24140
[2018-04-26 23:14:29 -0400] [24141] [INFO] Booting worker with pid: 24141
[2018-04-26 23:15:59 -0400] [24086] [CRITICAL] WORKER TIMEOUT (pid:24092)
[2018-04-27 03:15:59 +0000] [24092] [INFO] Worker exiting (pid: 24092)
[2018-04-26 23:15:59 -0400] [24154] [INFO] Booting worker with pid: 24154
Internal Server Error: /upload/
Traceback (most recent call last):
  File "/usr/lib64/python3.4/site-packages/django/utils/datastructures.py", line 77, in __getitem__
    list_ = super().__getitem__(key)
KeyError: 'xmlfile'

During handling of the above exception, another exception occurred:

Traceback (most recent call last):
  File "/usr/lib64/python3.4/site-packages/django/core/handlers/exception.py", line 35, in inner
    response = get_response(request)
  File "/usr/lib64/python3.4/site-packages/django/core/handlers/base.py", line 128, in _get_response
    response = self.process_exception_by_middleware(e, request)
  File "/usr/lib64/python3.4/site-packages/django/core/handlers/base.py", line 126, in _get_response
    response = wrapped_callback(request, *callback_args, **callback_kwargs)
  File "/home/ns196414/AutomaticPianoFingerings/hello/views.py", line 79, in upload
    xmlfile = request.FILES['xmlfile']
  File "/usr/lib64/python3.4/site-packages/django/utils/datastructures.py", line 79, in __getitem__
    raise MultiValueDictKeyError(key)
django.utils.datastructures.MultiValueDictKeyError: 'xmlfile'
musicxml2ly: Reading MusicXML from annotated/yesterday_annotated.xml ...
musicxml2ly: Converting to LilyPond expressions...
musicxml2ly: Converting to LilyPond expressions...
musicxml2ly: Converting to LilyPond expressions...
musicxml2ly: Converting to LilyPond expressions...
musicxml2ly: Output to `annotated/yesterday_annotated.ly'
Processing `annotated/yesterday_annotated.ly'
Parsing...
Interpreting music...[8][16][24][32][40]
Preprocessing graphical objects...
Finding the ideal number of pages...
Fitting music on 1 or 2 pages...
Drawing systems...
Layout output to `yesterday_annotated.ps'...
Converting to `./yesterday_annotated.pdf'...
Success: compilation successfully completed
[2018-04-26 23:52:38 -0400] [24086] [INFO] Handling signal: term
[2018-04-27 03:52:38 +0000] [24140] [INFO] Worker exiting (pid: 24140)
[2018-04-27 03:52:38 +0000] [24141] [INFO] Worker exiting (pid: 24141)
[2018-04-27 03:52:38 +0000] [24089] [INFO] Worker exiting (pid: 24089)
[2018-04-27 03:52:38 +0000] [24154] [INFO] Worker exiting (pid: 24154)
[2018-04-26 23:52:39 -0400] [24086] [INFO] Shutting down: Master
[2018-04-27 01:31:37 -0400] [26823] [INFO] Starting gunicorn 19.7.1
[2018-04-27 01:31:37 -0400] [26823] [INFO] Listening at: http://0.0.0.0:80 (26823)
[2018-04-27 01:31:37 -0400] [26823] [INFO] Using worker: sync
[2018-04-27 01:31:37 -0400] [26826] [INFO] Booting worker with pid: 26826
[2018-04-27 01:31:37 -0400] [26827] [INFO] Booting worker with pid: 26827
[2018-04-27 01:31:37 -0400] [26829] [INFO] Booting worker with pid: 26829
[2018-04-27 01:31:37 -0400] [26831] [INFO] Booting worker with pid: 26831
[2018-04-27 06:06:17 +0000] [26826] [ERROR] Error handling request /
Traceback (most recent call last):
  File "/usr/lib64/python3.4/site-packages/django/core/handlers/exception.py", line 35, in inner
    response = get_response(request)
  File "/usr/lib64/python3.4/site-packages/django/core/handlers/base.py", line 113, in _get_response
    resolver_match = resolver.resolve(request.path_info)
  File "/usr/lib64/python3.4/site-packages/django/urls/resolvers.py", line 494, in resolve
    for pattern in self.url_patterns:
  File "/usr/lib64/python3.4/site-packages/django/utils/functional.py", line 36, in __get__
    res = instance.__dict__[self.name] = self.func(instance)
  File "/usr/lib64/python3.4/site-packages/django/urls/resolvers.py", line 536, in url_patterns
    patterns = getattr(self.urlconf_module, "urlpatterns", self.urlconf_module)
  File "/usr/lib64/python3.4/site-packages/django/utils/functional.py", line 36, in __get__
    res = instance.__dict__[self.name] = self.func(instance)
  File "/usr/lib64/python3.4/site-packages/django/urls/resolvers.py", line 529, in urlconf_module
    return import_module(self.urlconf_name)
  File "/usr/lib64/python3.4/importlib/__init__.py", line 109, in import_module
    return _bootstrap._gcd_import(name[level:], package, level)
  File "<frozen importlib._bootstrap>", line 2254, in _gcd_import
  File "<frozen importlib._bootstrap>", line 2237, in _find_and_load
  File "<frozen importlib._bootstrap>", line 2226, in _find_and_load_unlocked
  File "<frozen importlib._bootstrap>", line 1200, in _load_unlocked
  File "<frozen importlib._bootstrap>", line 1129, in _exec
  File "<frozen importlib._bootstrap>", line 1471, in exec_module
  File "<frozen importlib._bootstrap>", line 321, in _call_with_frames_removed
  File "/home/ns196414/AutomaticPianoFingerings/gettingstarted/urls.py", line 17, in <module>
    url(r'^history', hello.views.history, name='history'),
AttributeError: 'module' object has no attribute 'history'

During handling of the above exception, another exception occurred:

Traceback (most recent call last):
  File "/usr/lib/python3.4/site-packages/gunicorn/workers/sync.py", line 135, in handle
    self.handle_request(listener, req, client, addr)
  File "/usr/lib/python3.4/site-packages/gunicorn/workers/sync.py", line 176, in handle_request
    respiter = self.wsgi(environ, resp.start_response)
  File "/usr/lib64/python3.4/site-packages/django/core/handlers/wsgi.py", line 146, in __call__
    response = self.get_response(request)
  File "/usr/lib64/python3.4/site-packages/django/core/handlers/base.py", line 81, in get_response
    response = self._middleware_chain(request)
  File "/usr/lib64/python3.4/site-packages/django/core/handlers/exception.py", line 37, in inner
    response = response_for_exception(request, exc)
  File "/usr/lib64/python3.4/site-packages/django/core/handlers/exception.py", line 87, in response_for_exception
    response = handle_uncaught_exception(request, get_resolver(get_urlconf()), sys.exc_info())
  File "/usr/lib64/python3.4/site-packages/django/core/handlers/exception.py", line 125, in handle_uncaught_exception
    callback, param_dict = resolver.resolve_error_handler(500)
  File "/usr/lib64/python3.4/site-packages/django/urls/resolvers.py", line 549, in resolve_error_handler
    callback = getattr(self.urlconf_module, 'handler%s' % view_type, None)
  File "/usr/lib64/python3.4/site-packages/django/utils/functional.py", line 36, in __get__
    res = instance.__dict__[self.name] = self.func(instance)
  File "/usr/lib64/python3.4/site-packages/django/urls/resolvers.py", line 529, in urlconf_module
    return import_module(self.urlconf_name)
  File "/usr/lib64/python3.4/importlib/__init__.py", line 109, in import_module
    return _bootstrap._gcd_import(name[level:], package, level)
  File "<frozen importlib._bootstrap>", line 2254, in _gcd_import
  File "<frozen importlib._bootstrap>", line 2237, in _find_and_load
  File "<frozen importlib._bootstrap>", line 2226, in _find_and_load_unlocked
  File "<frozen importlib._bootstrap>", line 1200, in _load_unlocked
  File "<frozen importlib._bootstrap>", line 1129, in _exec
  File "<frozen importlib._bootstrap>", line 1471, in exec_module
  File "<frozen importlib._bootstrap>", line 321, in _call_with_frames_removed
  File "/home/ns196414/AutomaticPianoFingerings/gettingstarted/urls.py", line 17, in <module>
    url(r'^history', hello.views.history, name='history'),
AttributeError: 'module' object has no attribute 'history'
[2018-04-27 02:11:13 -0400] [26823] [INFO] Handling signal: term
[2018-04-27 06:11:13 +0000] [26827] [INFO] Worker exiting (pid: 26827)
[2018-04-27 06:11:13 +0000] [26831] [INFO] Worker exiting (pid: 26831)
[2018-04-27 06:11:13 +0000] [26826] [INFO] Worker exiting (pid: 26826)
[2018-04-27 06:11:13 +0000] [26829] [INFO] Worker exiting (pid: 26829)
[2018-04-27 02:11:14 -0400] [26823] [INFO] Shutting down: Master
